2020-01-04-main--INFO -org.apache.log4j.Logger:Started testcase....
2020-01-04-main--INFO -org.apache.log4j.Logger:io.restassured.internal.RestAssuredResponseImpl
2020-01-04-main--INFO -org.apache.log4j.Logger:Response Body is:{
    "City": "Hyderabad",
    "Temperature": "28.04 Degree celsius",
    "Humidity": "66 Percent",
    "WeatherDescription": "haze",
    "WindSpeed": "2.1 Km per hour",
    "WindDirectionDegree": "150 Degree"
}
2020-01-04-main--INFO -org.apache.log4j.Logger:Status code is: 200
2020-01-04-main--INFO -org.apache.log4j.Logger:Status line is:HTTP/1.1 200 OK
2020-01-04-main--INFO -org.apache.log4j.Logger:before assert statement
2020-01-04-main--INFO -org.apache.log4j.Logger:Getting the verizon site Response
2020-01-04-main--INFO -org.apache.log4j.Logger:the verizon response:{
    "City": "Chennai",
    "Temperature": "30.42 Degree celsius",
    "Humidity": "66 Percent",
    "WeatherDescription": "broken clouds",
    "WindSpeed": "4.6 Km per hour",
    "WindDirectionDegree": "140 Degree"
}
2020-01-04-main--INFO -org.apache.log4j.Logger:Started testcase....
2020-01-04-main--INFO -org.apache.log4j.Logger:io.restassured.internal.RestAssuredResponseImpl
2020-01-04-main--INFO -org.apache.log4j.Logger:Response Body is:{
    "City": "Hyderabad",
    "Temperature": "28.03 Degree celsius",
    "Humidity": "66 Percent",
    "WeatherDescription": "haze",
    "WindSpeed": "2.1 Km per hour",
    "WindDirectionDegree": "150 Degree"
}
2020-01-04-main--INFO -org.apache.log4j.Logger:Status code is: 200
2020-01-04-main--INFO -org.apache.log4j.Logger:Status line is:HTTP/1.1 200 OK
2020-01-04-main--INFO -org.apache.log4j.Logger:before assert statement
2020-01-04-main--INFO -org.apache.log4j.Logger:Getting the verizon site Response
2020-01-04-main--INFO -org.apache.log4j.Logger:the verizon response:java.lang.String
2020-01-04-main--INFO -org.apache.log4j.Logger:Started testcase....
2020-01-04-main--INFO -org.apache.log4j.Logger:io.restassured.internal.RestAssuredResponseImpl
2020-01-04-main--INFO -org.apache.log4j.Logger:Response Body is:{
    "City": "Hyderabad",
    "Temperature": "25.19 Degree celsius",
    "Humidity": "78 Percent",
    "WeatherDescription": "haze",
    "WindSpeed": "1.5 Km per hour",
    "WindDirectionDegree": " Degree"
}
2020-01-04-main--INFO -org.apache.log4j.Logger:Status code is: 200
2020-01-04-main--INFO -org.apache.log4j.Logger:Status line is:HTTP/1.1 200 OK
2020-01-04-main--INFO -org.apache.log4j.Logger:before assert statement
2020-01-04-main--INFO -org.apache.log4j.Logger:Getting the verizon site Response
2020-01-04-main--INFO -org.apache.log4j.Logger:the verizon response:java.lang.String
